[0.040s] Invoking command in '/home/ws/build/tf03_driver': CMAKE_PREFIX_PATH=/opt/ros/foxy /usr/bin/cmake --build /home/ws/build/tf03_driver -- -j8 -l8
[0.100s] -- Found ament_cmake: 0.9.11 (/opt/ros/foxy/share/ament_cmake/cmake)
[0.170s] -- Using PYTHON_EXECUTABLE: /usr/bin/python3
[0.558s] -- Override CMake install command with custom implementation using symlinks instead of copying resources
[0.578s] -- Found rclcpp: 2.4.2 (/opt/ros/foxy/share/rclcpp/cmake)
[0.665s] -- Using all available rosidl_typesupport_c: rosidl_typesupport_fastrtps_c;rosidl_typesupport_introspection_c
[0.674s] -- Found rosidl_adapter: 1.3.0 (/opt/ros/foxy/share/rosidl_adapter/cmake)
[1.022s] -- Using all available rosidl_typesupport_cpp: rosidl_typesupport_fastrtps_cpp;rosidl_typesupport_introspection_cpp
[1.142s] -- Found rmw_implementation_cmake: 1.0.4 (/opt/ros/foxy/share/rmw_implementation_cmake/cmake)
[1.146s] -- Using RMW implementation 'rmw_fastrtps_cpp' as default
[1.694s] -- Configuring done
[1.710s] -- Generating done
[1.714s] -- Build files have been written to: /home/ws/build/tf03_driver
[1.778s] [35m[1mScanning dependencies of target tf03_node[0m
[1.862s] [ 33%] [32mBuilding CXX object CMakeFiles/tf03_node.dir/src/tf03_node.cpp.o[0m
[1.864s] [ 66%] [32mBuilding CXX object CMakeFiles/tf03_node.dir/src/TF03.cpp.o[0m
[4.951s] In file included from [01m[K/home/ws/src/tf03_driver/src/TF03.cpp:1[m[K:
[4.952s] [01m[K/home/ws/src/tf03_driver/include/TF03.h:63:10:[m[K [01;35m[Kwarning: [m[Kuse of â€˜[01m[Kauto[m[Kâ€™ in parameter declaration only available with â€˜[01m[K-fconcepts[m[Kâ€™
[4.952s]    63 |     TF03([01;35m[Kauto[m[K node = rclcpp::Node::make_shared("tf03_node"));
[4.953s]       |          [01;35m[K^~~~[m[K
[4.967s] In file included from [01m[K/home/ws/src/tf03_driver/src/tf03_node.cpp:2[m[K:
[4.967s] [01m[K/home/ws/src/tf03_driver/include/TF03.h:63:10:[m[K [01;35m[Kwarning: [m[Kuse of â€˜[01m[Kauto[m[Kâ€™ in parameter declaration only available with â€˜[01m[K-fconcepts[m[Kâ€™
[4.967s]    63 |     TF03([01;35m[Kauto[m[K node = rclcpp::Node::make_shared("tf03_node"));
[4.967s]       |          [01;35m[K^~~~[m[K
[4.989s] [01m[K/home/ws/src/tf03_driver/src/TF03.cpp:4:12:[m[K [01;35m[Kwarning: [m[Kuse of â€˜[01m[Kauto[m[Kâ€™ in parameter declaration only available with â€˜[01m[K-fconcepts[m[Kâ€™
[4.990s]     4 | TF03::TF03([01;35m[Kauto[m[K node = rclcpp::Node::make_shared())
[4.990s]       |            [01;35m[K^~~~[m[K
[4.991s] [01m[K/home/ws/src/tf03_driver/src/TF03.cpp:4:1:[m[K [01;31m[Kerror: [m[Kredeclaration of â€˜[01m[KTF03::TF03(auto:13)[m[Kâ€™ may not have default arguments [[01;31m[K-fpermissive[m[K]
[4.992s]     4 | [01;31m[KTF03[m[K::TF03(auto node = rclcpp::Node::make_shared())
[4.992s]       | [01;31m[K^~~~[m[K
[4.992s] [01m[K/home/ws/src/tf03_driver/src/TF03.cpp:[m[K In constructor â€˜[01m[KTF03::TF03(auto:13)[m[Kâ€™:
[4.992s] [01m[K/home/ws/src/tf03_driver/src/TF03.cpp:9:17:[m[K [01;31m[Kerror: [m[Kâ€˜[01m[Kusing SharedPtr = class std::shared_ptr<rclcpp::Node>[m[Kâ€™ {aka â€˜[01m[Kclass std::shared_ptr<rclcpp::Node>[m[Kâ€™} has no member named â€˜[01m[Kparam[m[Kâ€™
[4.993s]     9 |     node_handle.[01;31m[Kparam[m[K<std::string>("serial_port", serial_port, "/dev/ttyUSB0");
[4.993s]       |                 [01;31m[K^~~~~[m[K
[4.993s] [01m[K/home/ws/src/tf03_driver/src/TF03.cpp:9:34:[m[K [01;31m[Kerror: [m[Kexpected primary-expression before â€˜[01m[K>[m[Kâ€™ token
[4.993s]     9 |     node_handle.param<std::string[01;31m[K>[m[K("serial_port", serial_port, "/dev/ttyUSB0");
[4.993s]       |                                  [01;31m[K^[m[K
[4.993s] [01m[K/home/ws/src/tf03_driver/src/TF03.cpp:10:17:[m[K [01;31m[Kerror: [m[Kâ€˜[01m[Kusing SharedPtr = class std::shared_ptr<rclcpp::Node>[m[Kâ€™ {aka â€˜[01m[Kclass std::shared_ptr<rclcpp::Node>[m[Kâ€™} has no member named â€˜[01m[Kparam[m[Kâ€™
[4.993s]    10 |     node_handle.[01;31m[Kparam[m[K<std::string>("can_device", can_device, "panther_can");
[4.994s]       |                 [01;31m[K^~~~~[m[K
[4.994s] [01m[K/home/ws/src/tf03_driver/src/TF03.cpp:10:34:[m[K [01;31m[Kerror: [m[Kexpected primary-expression before â€˜[01m[K>[m[Kâ€™ token
[4.994s]    10 |     node_handle.param<std::string[01;31m[K>[m[K("can_device", can_device, "panther_can");
[4.994s]       |                                  [01;31m[K^[m[K
[4.994s] [01m[K/home/ws/src/tf03_driver/src/TF03.cpp:11:17:[m[K [01;31m[Kerror: [m[Kâ€˜[01m[Kusing SharedPtr = class std::shared_ptr<rclcpp::Node>[m[Kâ€™ {aka â€˜[01m[Kclass std::shared_ptr<rclcpp::Node>[m[Kâ€™} has no member named â€˜[01m[KgetParam[m[Kâ€™
[4.994s]    11 |     node_handle.[01;31m[KgetParam[m[K("can_transmit_id", can_transmit_id);
[4.994s]       |                 [01;31m[K^~~~~~~~[m[K
[4.994s] [01m[K/home/ws/src/tf03_driver/src/TF03.cpp:12:17:[m[K [01;31m[Kerror: [m[Kâ€˜[01m[Kusing SharedPtr = class std::shared_ptr<rclcpp::Node>[m[Kâ€™ {aka â€˜[01m[Kclass std::shared_ptr<rclcpp::Node>[m[Kâ€™} has no member named â€˜[01m[KgetParam[m[Kâ€™
[4.995s]    12 |     node_handle.[01;31m[KgetParam[m[K("sensor_frame", sensor_frame);
[4.995s]       |                 [01;31m[K^~~~~~~~[m[K
[4.995s] [01m[K/home/ws/src/tf03_driver/src/TF03.cpp:13:17:[m[K [01;31m[Kerror: [m[Kâ€˜[01m[Kusing SharedPtr = class std::shared_ptr<rclcpp::Node>[m[Kâ€™ {aka â€˜[01m[Kclass std::shared_ptr<rclcpp::Node>[m[Kâ€™} has no member named â€˜[01m[Kparam[m[Kâ€™
[4.995s]    13 |     node_handle.[01;31m[Kparam[m[K<int>("can_receive_id", can_receive_id, 0x3003); //HEX 0x3003 = DEC 12291
[4.995s]       |                 [01;31m[K^~~~~[m[K
[4.995s] [01m[K/home/ws/src/tf03_driver/src/TF03.cpp:13:23:[m[K [01;31m[Kerror: [m[Kexpected primary-expression before â€˜[01m[Kint[m[Kâ€™
[4.995s]    13 |     node_handle.param<[01;31m[Kint[m[K>("can_receive_id", can_receive_id, 0x3003); //HEX 0x3003 = DEC 12291
[4.995s]       |                       [01;31m[K^~~[m[K
[4.996s] [01m[K/home/ws/src/tf03_driver/src/TF03.cpp:14:17:[m[K [01;31m[Kerror: [m[Kâ€˜[01m[Kusing SharedPtr = class std::shared_ptr<rclcpp::Node>[m[Kâ€™ {aka â€˜[01m[Kclass std::shared_ptr<rclcpp::Node>[m[Kâ€™} has no member named â€˜[01m[Kparam[m[Kâ€™
[4.996s]    14 |     node_handle.[01;31m[Kparam[m[K<std::string>("sensor_interface", sensor_interface, "serial");
[4.996s]       |                 [01;31m[K^~~~~[m[K
[4.996s] [01m[K/home/ws/src/tf03_driver/src/TF03.cpp:14:34:[m[K [01;31m[Kerror: [m[Kexpected primary-expression before â€˜[01m[K>[m[Kâ€™ token
[4.996s]    14 |     node_handle.param<std::string[01;31m[K>[m[K("sensor_interface", sensor_interface, "serial");
[4.996s]       |                                  [01;31m[K^[m[K
[4.997s] [01m[K/home/ws/src/tf03_driver/src/TF03.cpp:16:17:[m[K [01;31m[Kerror: [m[Kâ€˜[01m[Kusing SharedPtr = class std::shared_ptr<rclcpp::Node>[m[Kâ€™ {aka â€˜[01m[Kclass std::shared_ptr<rclcpp::Node>[m[Kâ€™} has no member named â€˜[01m[Kparam[m[Kâ€™
[4.997s]    16 |     node_handle.[01;31m[Kparam[m[K<bool>("print_version", print_version, false);
[4.997s]       |                 [01;31m[K^~~~~[m[K
[4.997s] [01m[K/home/ws/src/tf03_driver/src/TF03.cpp:16:23:[m[K [01;31m[Kerror: [m[Kexpected primary-expression before â€˜[01m[Kbool[m[Kâ€™
[4.997s]    16 |     node_handle.param<[01;31m[Kbool[m[K>("print_version", print_version, false);
[4.997s]       |                       [01;31m[K^~~~[m[K
[4.997s] [01m[K/home/ws/src/tf03_driver/src/TF03.cpp:17:17:[m[K [01;31m[Kerror: [m[Kâ€˜[01m[Kusing SharedPtr = class std::shared_ptr<rclcpp::Node>[m[Kâ€™ {aka â€˜[01m[Kclass std::shared_ptr<rclcpp::Node>[m[Kâ€™} has no member named â€˜[01m[Kparam[m[Kâ€™
[4.997s]    17 |     node_handle.[01;31m[Kparam[m[K<std::string>("set_output_format", set_output_format, "");
[4.997s]       |                 [01;31m[K^~~~~[m[K
[4.998s] [01m[K/home/ws/src/tf03_driver/src/TF03.cpp:17:34:[m[K [01;31m[Kerror: [m[Kexpected primary-expression before â€˜[01m[K>[m[Kâ€™ token
[4.998s]    17 |     node_handle.param<std::string[01;31m[K>[m[K("set_output_format", set_output_format, "");
[4.998s]       |                                  [01;31m[K^[m[K
[4.998s] [01m[K/home/ws/src/tf03_driver/src/TF03.cpp:18:17:[m[K [01;31m[Kerror: [m[Kâ€˜[01m[Kusing SharedPtr = class std::shared_ptr<rclcpp::Node>[m[Kâ€™ {aka â€˜[01m[Kclass std::shared_ptr<rclcpp::Node>[m[Kâ€™} has no member named â€˜[01m[Kparam[m[Kâ€™
[4.998s]    18 |     node_handle.[01;31m[Kparam[m[K<int>("set_transmit_can_id", set_transmit_can_id, 0);
[4.998s]       |                 [01;31m[K^~~~~[m[K
[4.998s] [01m[K/home/ws/src/tf03_driver/src/TF03.cpp:18:23:[m[K [01;31m[Kerror: [m[Kexpected primary-expression before â€˜[01m[Kint[m[Kâ€™
[4.999s]    18 |     node_handle.param<[01;31m[Kint[m[K>("set_transmit_can_id", set_transmit_can_id, 0);
[4.999s]       |                       [01;31m[K^~~[m[K
[4.999s] [01m[K/home/ws/src/tf03_driver/src/TF03.cpp:19:17:[m[K [01;31m[Kerror: [m[Kâ€˜[01m[Kusing SharedPtr = class std::shared_ptr<rclcpp::Node>[m[Kâ€™ {aka â€˜[01m[Kclass std::shared_ptr<rclcpp::Node>[m[Kâ€™} has no member named â€˜[01m[Kparam[m[Kâ€™
[4.999s]    19 |     node_handle.[01;31m[Kparam[m[K<int>("set_receive_can_id", set_receive_can_id, 0);
[4.999s]       |                 [01;31m[K^~~~~[m[K
[4.999s] [01m[K/home/ws/src/tf03_driver/src/TF03.cpp:19:23:[m[K [01;31m[Kerror: [m[Kexpected primary-expression before â€˜[01m[Kint[m[Kâ€™
[4.999s]    19 |     node_handle.param<[01;31m[Kint[m[K>("set_receive_can_id", set_receive_can_id, 0);
[5.000s]       |                       [01;31m[K^~~[m[K
[5.000s] In file included from [01m[K/opt/ros/foxy/include/rclcpp/service.hpp:34[m[K,
[5.000s]                  from [01m[K/opt/ros/foxy/include/rclcpp/callback_group.hpp:25[m[K,
[5.000s]                  from [01m[K/opt/ros/foxy/include/rclcpp/any_executable.hpp:20[m[K,
[5.000s]                  from [01m[K/opt/ros/foxy/include/rclcpp/memory_strategy.hpp:24[m[K,
[5.000s]                  from [01m[K/opt/ros/foxy/include/rclcpp/memory_strategies.hpp:18[m[K,
[5.000s]                  from [01m[K/opt/ros/foxy/include/rclcpp/executor_options.hpp:20[m[K,
[5.000s]                  from [01m[K/opt/ros/foxy/include/rclcpp/executor.hpp:33[m[K,
[5.001s]                  from [01m[K/opt/ros/foxy/include/rclcpp/executors/multi_threaded_executor.hpp:26[m[K,
[5.001s]                  from [01m[K/opt/ros/foxy/include/rclcpp/executors.hpp:21[m[K,
[5.001s]                  from [01m[K/opt/ros/foxy/include/rclcpp/rclcpp.hpp:146[m[K,
[5.001s]                  from [01m[K/home/ws/src/tf03_driver/include/TF03.h:11[m[K,
[5.001s]                  from [01m[K/home/ws/src/tf03_driver/src/TF03.cpp:1[m[K:
[5.001s] [01m[K/home/ws/src/tf03_driver/src/TF03.cpp:24:21:[m[K [01;31m[Kerror: [m[Kthere are no arguments to â€˜[01m[Kget_logger[m[Kâ€™ that depend on a template parameter, so a declaration of â€˜[01m[Kget_logger[m[Kâ€™ must be available [[01;31m[K-fpermissive[m[K]
[5.001s]    24 |         RCLCPP_INFO([01;31m[Kget_logger[m[K(),"Print tf_03 version");
[5.001s]       |                     [01;31m[K^~~~~~~~~~[m[K
[5.002s] [01m[K/home/ws/src/tf03_driver/src/TF03.cpp:24:21:[m[K [01;36m[Knote: [m[K(if you use â€˜[01m[K-fpermissive[m[Kâ€™, G++ will accept your code, but allowing the use of an undeclared name is deprecated)
[5.002s] [01m[K/home/ws/src/tf03_driver/src/TF03.cpp:24:21:[m[K [01;31m[Kerror: [m[Kthere are no arguments to â€˜[01m[Kget_logger[m[Kâ€™ that depend on a template parameter, so a declaration of â€˜[01m[Kget_logger[m[Kâ€™ must be available [[01;31m[K-fpermissive[m[K]
[5.002s] In file included from [01m[K/opt/ros/foxy/include/rclcpp/client.hpp:40[m[K,
[5.002s]                  from [01m[K/opt/ros/foxy/include/rclcpp/callback_group.hpp:23[m[K,
[5.002s]                  from [01m[K/opt/ros/foxy/include/rclcpp/any_executable.hpp:20[m[K,
[5.002s]                  from [01m[K/opt/ros/foxy/include/rclcpp/memory_strategy.hpp:24[m[K,
[5.002s]                  from [01m[K/opt/ros/foxy/include/rclcpp/memory_strategies.hpp:18[m[K,
[5.002s]                  from [01m[K/opt/ros/foxy/include/rclcpp/executor_options.hpp:20[m[K,
[5.003s]                  from [01m[K/opt/ros/foxy/include/rclcpp/executor.hpp:33[m[K,
[5.003s]                  from [01m[K/opt/ros/foxy/include/rclcpp/executors/multi_threaded_executor.hpp:26[m[K,
[5.003s]                  from [01m[K/opt/ros/foxy/include/rclcpp/executors.hpp:21[m[K,
[5.003s]                  from [01m[K/opt/ros/foxy/include/rclcpp/rclcpp.hpp:146[m[K,
[5.003s]                  from [01m[K/home/ws/src/tf03_driver/include/TF03.h:11[m[K,
[5.003s]                  from [01m[K/home/ws/src/tf03_driver/src/TF03.cpp:1[m[K:
[5.003s] [01m[K/home/ws/src/tf03_driver/src/TF03.cpp:24:21:[m[K [01;31m[Kerror: [m[Kthere are no arguments to â€˜[01m[Kget_logger[m[Kâ€™ that depend on a template parameter, so a declaration of â€˜[01m[Kget_logger[m[Kâ€™ must be available [[01;31m[K-fpermissive[m[K]
[5.003s]    24 |         RCLCPP_INFO([01;31m[Kget_logger[m[K(),"Print tf_03 version");
[5.004s]       |                     [01;31m[K^~~~~~~~~~[m[K
[5.004s] [01m[K/home/ws/src/tf03_driver/src/TF03.cpp:24:21:[m[K [01;31m[Kerror: [m[Kthere are no arguments to â€˜[01m[Kget_logger[m[Kâ€™ that depend on a template parameter, so a declaration of â€˜[01m[Kget_logger[m[Kâ€™ must be available [[01;31m[K-fpermissive[m[K]
[5.004s]    24 |         RCLCPP_INFO([01;31m[Kget_logger[m[K(),"Print tf_03 version");
[5.004s]       |                     [01;31m[K^~~~~~~~~~[m[K
[5.015s] [01m[K/home/ws/src/tf03_driver/src/TF03.cpp:111:51:[m[K [01;31m[Kerror: [m[Kâ€˜[01m[Know[m[Kâ€™ is not a member of â€˜[01m[Krclcpp::Time[m[Kâ€™
[5.015s]   111 |                 command_timestamp = rclcpp::Time::[01;31m[Know[m[K();
[5.016s]       |                                                   [01;31m[K^~~[m[K
[5.016s] [01m[K/home/ws/src/tf03_driver/src/TF03.cpp:114:42:[m[K [01;31m[Kerror: [m[Kâ€˜[01m[Kros[m[Kâ€™ has not been declared
[5.016s]   114 |             else if (command_timestamp + [01;31m[Kros[m[K::Duration(2) < rclcpp::Time::now())
[5.016s]       |                                          [01;31m[K^~~[m[K
[5.017s] [01m[K/home/ws/src/tf03_driver/src/TF03.cpp:114:75:[m[K [01;31m[Kerror: [m[Kâ€˜[01m[Know[m[Kâ€™ is not a member of â€˜[01m[Krclcpp::Time[m[Kâ€™
[5.017s]   114 |             else if (command_timestamp + ros::Duration(2) < rclcpp::Time::[01;31m[Know[m[K())
[5.017s]       |                                                                           [01;31m[K^~~[m[K
[5.018s] [01m[K/home/ws/src/tf03_driver/src/TF03.cpp:133:45:[m[K [01;31m[Kerror: [m[Kinvalid use of â€˜[01m[Kauto[m[Kâ€™
[5.019s]   133 |             sensor_pub.insert(std::pair<int,[01;31m[Kauto[m[K>(s.first, node_handle->create_publisher<sensor_msgs::msg::Range>("sensor/" + sensor.second, 1)));
[5.019s]       |                                             [01;31m[K^~~~[m[K
[5.019s] [01m[K/home/ws/src/tf03_driver/src/TF03.cpp:133:49:[m[K [01;31m[Kerror: [m[Ktemplate argument 2 is invalid
[5.019s]   133 |             sensor_pub.insert(std::pair<int,auto[01;31m[K>[m[K(s.first, node_handle->create_publisher<sensor_msgs::msg::Range>("sensor/" + sensor.second, 1)));
[5.020s]       |                                                 [01;31m[K^[m[K
[5.021s] [01m[K/home/ws/src/tf03_driver/src/TF03.cpp:133:51:[m[K [01;31m[Kerror: [m[Kâ€˜[01m[Ks[m[Kâ€™ was not declared in this scope
[5.021s]   133 |             sensor_pub.insert(std::pair<int,auto>([01;31m[Ks[m[K.first, node_handle->create_publisher<sensor_msgs::msg::Range>("sensor/" + sensor.second, 1)));
[5.022s]       |                                                   [01;31m[K^[m[K
[5.039s] [01m[K/home/ws/src/tf03_driver/src/TF03.cpp:[m[K In destructor â€˜[01m[KTF03::~TF03()[m[Kâ€™:
[5.039s] [01m[K/home/ws/src/tf03_driver/src/TF03.cpp:162:13:[m[K [01;31m[Kerror: [m[Kâ€˜[01m[Kclose[m[Kâ€™ was not declared in this scope; did you mean â€˜[01m[Kpclose[m[Kâ€™?
[5.039s]   162 |             [01;31m[Kclose[m[K(can_socket);
[5.040s]       |             [01;31m[K^~~~~[m[K
[5.040s]       |             [32m[Kpclose[m[K
[5.040s] [01m[K/home/ws/src/tf03_driver/src/TF03.cpp:[m[K In member function â€˜[01m[Kvoid TF03::process_sensor_data()[m[Kâ€™:
[5.040s] [01m[K/home/ws/src/tf03_driver/src/TF03.cpp:178:34:[m[K [01;35m[Kwarning: [m[Kcatching polymorphic type â€˜[01m[Kclass LibSerial::NotOpen[m[Kâ€™ by value [[01;35m[K-Wcatch-value=[m[K]
[5.040s]   178 |         catch (SerialPortNotOpen [01;35m[Ke[m[K)
[5.041s]       |                                  [01;35m[K^[m[K
[5.041s] [01m[K/home/ws/src/tf03_driver/src/TF03.cpp:182:38:[m[K [01;35m[Kwarning: [m[Kcatching polymorphic type â€˜[01m[Kclass LibSerial::ReadTimeout[m[Kâ€™ by value [[01;35m[K-Wcatch-value=[m[K]
[5.041s]   182 |         catch (SerialPortReadTimeout [01;35m[Ke[m[K)
[5.042s]       |                                      [01;35m[K^[m[K
[5.050s] [01m[K/home/ws/src/tf03_driver/src/TF03.cpp:217:22:[m[K [01;31m[Kerror: [m[Kâ€˜[01m[Kread[m[Kâ€™ was not declared in this scope; did you mean â€˜[01m[Kfread[m[Kâ€™?
[5.052s]   217 |         int nbytes = [01;31m[Kread[m[K(can_socket, &publish_frame, sizeof(struct can_frame));
[5.052s]       |                      [01;31m[K^~~~[m[K
[5.053s]       |                      [32m[Kfread[m[K
[5.053s] [01m[K/home/ws/src/tf03_driver/src/TF03.cpp:220:20:[m[K [01;35m[Kwarning: [m[Kcomparison of integer expressions of different signedness: â€˜[01m[Kint[m[Kâ€™ and â€˜[01m[Kcanid_t[m[Kâ€™ {aka â€˜[01m[Kunsigned int[m[Kâ€™} [[01;35m[K-Wsign-compare[m[K]
[5.053s]   220 |             if ([01;35m[Kid == publish_frame.can_id[m[K)
[5.054s]       |                 [01;35m[K~~~^~~~~~~~~~~~~~~~~~~~~~~[m[K
[5.054s] [01m[K/home/ws/src/tf03_driver/src/TF03.cpp:217:13:[m[K [01;35m[Kwarning: [m[Kunused variable â€˜[01m[Knbytes[m[Kâ€™ [[01;35m[K-Wunused-variable[m[K]
[5.054s]   217 |         int [01;35m[Knbytes[m[K = read(can_socket, &publish_frame, sizeof(struct can_frame));
[5.054s]       |             [01;35m[K^~~~~~[m[K
[5.078s] [01m[K/home/ws/src/tf03_driver/src/TF03.cpp:[m[K In member function â€˜[01m[Kvoid TF03::process_incoming_buffer(std::vector<unsigned char, std::allocator<unsigned char> >, int)[m[Kâ€™:
[5.078s] [01m[K/home/ws/src/tf03_driver/src/TF03.cpp:292:15:[m[K [01;35m[Kwarning: [m[Kunused variable â€˜[01m[Kstrength[m[Kâ€™ [[01;35m[K-Wunused-variable[m[K]
[5.079s]   292 |         u_int [01;35m[Kstrength[m[K = strength_high_byte * 256 + strength_low_byte;
[5.079s]       |               [01;35m[K^~~~~~~~[m[K
[5.092s] [01m[K/home/ws/src/tf03_driver/src/TF03.cpp:[m[K In member function â€˜[01m[Kint TF03::init_sensor(tf_03_interface, std::string)[m[Kâ€™:
[5.092s] [01m[K/home/ws/src/tf03_driver/src/TF03.cpp:449:31:[m[K [01;35m[Kwarning: [m[Kcatching polymorphic type â€˜[01m[Kclass LibSerial::OpenFailed[m[Kâ€™ by value [[01;35m[K-Wcatch-value=[m[K]
[5.093s]   449 |             catch (LibSerial::[01;35m[KOpenFailed[m[K)
[5.093s]       |                               [01;35m[K^~~~~~~~~~[m[K
[5.112s] [01m[K/home/ws/src/tf03_driver/src/TF03.cpp:[m[K In member function â€˜[01m[Kvoid TF03::write_command_data(tf_03_interface, std::vector<unsigned char, std::allocator<unsigned char> >)[m[Kâ€™:
[5.112s] [01m[K/home/ws/src/tf03_driver/src/TF03.cpp:582:31:[m[K [01;35m[Kwarning: [m[Kcomparison of integer expressions of different signedness: â€˜[01m[Kint[m[Kâ€™ and â€˜[01m[Kstd::vector<unsigned char, std::allocator<unsigned char> >::size_type[m[Kâ€™ {aka â€˜[01m[Klong unsigned int[m[Kâ€™} [[01;35m[K-Wsign-compare[m[K]
[5.112s]   582 |         for (int cnt = 0; [01;35m[Kcnt < data.size()[m[K; cnt++)
[5.112s]       |                           [01;35m[K~~~~^~~~~~~~~~~~~[m[K
[5.114s] [01m[K/home/ws/src/tf03_driver/src/TF03.cpp:586:22:[m[K [01;31m[Kerror: [m[Kâ€˜[01m[Kwrite[m[Kâ€™ was not declared in this scope; did you mean â€˜[01m[Kfwrite[m[Kâ€™?
[5.114s]   586 |         int nbytes = [01;31m[Kwrite[m[K(can_socket, frame, sizeof(struct can_frame));
[5.115s]       |                      [01;31m[K^~~~~[m[K
[5.115s]       |                      [32m[Kfwrite[m[K
[5.115s] [01m[K/home/ws/src/tf03_driver/src/TF03.cpp:586:13:[m[K [01;35m[Kwarning: [m[Kunused variable â€˜[01m[Knbytes[m[Kâ€™ [[01;35m[K-Wunused-variable[m[K]
[5.115s]   586 |         int [01;35m[Knbytes[m[K = write(can_socket, frame, sizeof(struct can_frame));
[5.116s]       |             [01;35m[K^~~~~~[m[K
[6.789s] make[2]: *** [CMakeFiles/tf03_node.dir/build.make:76: CMakeFiles/tf03_node.dir/src/TF03.cpp.o] Error 1
[6.789s] make[1]: *** [CMakeFiles/Makefile2:78: CMakeFiles/tf03_node.dir/all] Error 2
[6.790s] make: *** [Makefile:141: all] Error 2
[6.797s] Invoked command in '/home/ws/build/tf03_driver' returned '2': CMAKE_PREFIX_PATH=/opt/ros/foxy /usr/bin/cmake --build /home/ws/build/tf03_driver -- -j8 -l8
