[0.049s] Invoking command in '/home/ws/build/tf03_driver': CMAKE_PREFIX_PATH=/opt/ros/foxy /usr/bin/cmake --build /home/ws/build/tf03_driver -- -j8 -l8
[0.145s] [35m[1mScanning dependencies of target tf03_node[0m
[0.235s] [ 33%] [32mBuilding CXX object CMakeFiles/tf03_node.dir/src/TF03.cpp.o[0m
[0.236s] [ 66%] [32mBuilding CXX object CMakeFiles/tf03_node.dir/src/tf03_node.cpp.o[0m
[4.021s] In file included from [01m[K/home/ws/src/tf03_driver/src/tf03_node.cpp:2[m[K:
[4.022s] [01m[K/home/ws/src/tf03_driver/include/TF03.h:63:10:[m[K [01;35m[Kwarning: [m[Kuse of â€˜[01m[Kauto[m[Kâ€™ in parameter declaration only available with â€˜[01m[K-fconcepts[m[Kâ€™
[4.022s]    63 |     TF03([01;35m[Kauto[m[K node = rclcpp::Node::make_shared("tf03_node"));
[4.022s]       |          [01;35m[K^~~~[m[K
[4.078s] [01m[K/home/ws/src/tf03_driver/include/TF03.h:110:5:[m[K [01;31m[Kerror: [m[Kâ€˜[01m[KSerialPort[m[Kâ€™ does not name a type
[4.078s]   110 |     [01;31m[KSerialPort[m[K *tf03_serial_port;
[4.079s]       |     [01;31m[K^~~~~~~~~~[m[K
[4.081s] In file included from [01m[K/home/ws/src/tf03_driver/src/TF03.cpp:1[m[K:
[4.081s] [01m[K/home/ws/src/tf03_driver/include/TF03.h:63:10:[m[K [01;35m[Kwarning: [m[Kuse of â€˜[01m[Kauto[m[Kâ€™ in parameter declaration only available with â€˜[01m[K-fconcepts[m[Kâ€™
[4.081s]    63 |     TF03([01;35m[Kauto[m[K node = rclcpp::Node::make_shared("tf03_node"));
[4.081s]       |          [01;35m[K^~~~[m[K
[4.118s] [01m[K/home/ws/src/tf03_driver/include/TF03.h:110:5:[m[K [01;31m[Kerror: [m[Kâ€˜[01m[KSerialPort[m[Kâ€™ does not name a type
[4.118s]   110 |     [01;31m[KSerialPort[m[K *tf03_serial_port;
[4.118s]       |     [01;31m[K^~~~~~~~~~[m[K
[4.123s] [01m[K/home/ws/src/tf03_driver/src/TF03.cpp:4:12:[m[K [01;35m[Kwarning: [m[Kuse of â€˜[01m[Kauto[m[Kâ€™ in parameter declaration only available with â€˜[01m[K-fconcepts[m[Kâ€™
[4.123s]     4 | TF03::TF03([01;35m[Kauto[m[K node = rclcpp::Node::make_shared())
[4.124s]       |            [01;35m[K^~~~[m[K
[4.125s] [01m[K/home/ws/src/tf03_driver/src/TF03.cpp:4:1:[m[K [01;31m[Kerror: [m[Kredeclaration of â€˜[01m[KTF03::TF03(auto:13)[m[Kâ€™ may not have default arguments [[01;31m[K-fpermissive[m[K]
[4.125s]     4 | [01;31m[KTF03[m[K::TF03(auto node = rclcpp::Node::make_shared())
[4.126s]       | [01;31m[K^~~~[m[K
[4.126s] [01m[K/home/ws/src/tf03_driver/src/TF03.cpp:[m[K In constructor â€˜[01m[KTF03::TF03(auto:13)[m[Kâ€™:
[4.126s] [01m[K/home/ws/src/tf03_driver/src/TF03.cpp:9:17:[m[K [01;31m[Kerror: [m[Kâ€˜[01m[Kusing SharedPtr = class std::shared_ptr<rclcpp::Node>[m[Kâ€™ {aka â€˜[01m[Kclass std::shared_ptr<rclcpp::Node>[m[Kâ€™} has no member named â€˜[01m[Kparam[m[Kâ€™
[4.126s]     9 |     node_handle.[01;31m[Kparam[m[K<std::string>("serial_port", serial_port, "/dev/ttyUSB0");
[4.127s]       |                 [01;31m[K^~~~~[m[K
[4.127s] [01m[K/home/ws/src/tf03_driver/src/TF03.cpp:9:34:[m[K [01;31m[Kerror: [m[Kexpected primary-expression before â€˜[01m[K>[m[Kâ€™ token
[4.127s]     9 |     node_handle.param<std::string[01;31m[K>[m[K("serial_port", serial_port, "/dev/ttyUSB0");
[4.127s]       |                                  [01;31m[K^[m[K
[4.128s] [01m[K/home/ws/src/tf03_driver/src/TF03.cpp:10:17:[m[K [01;31m[Kerror: [m[Kâ€˜[01m[Kusing SharedPtr = class std::shared_ptr<rclcpp::Node>[m[Kâ€™ {aka â€˜[01m[Kclass std::shared_ptr<rclcpp::Node>[m[Kâ€™} has no member named â€˜[01m[Kparam[m[Kâ€™
[4.128s]    10 |     node_handle.[01;31m[Kparam[m[K<std::string>("can_device", can_device, "panther_can");
[4.128s]       |                 [01;31m[K^~~~~[m[K
[4.128s] [01m[K/home/ws/src/tf03_driver/src/TF03.cpp:10:34:[m[K [01;31m[Kerror: [m[Kexpected primary-expression before â€˜[01m[K>[m[Kâ€™ token
[4.128s]    10 |     node_handle.param<std::string[01;31m[K>[m[K("can_device", can_device, "panther_can");
[4.128s]       |                                  [01;31m[K^[m[K
[4.129s] [01m[K/home/ws/src/tf03_driver/src/TF03.cpp:11:17:[m[K [01;31m[Kerror: [m[Kâ€˜[01m[Kusing SharedPtr = class std::shared_ptr<rclcpp::Node>[m[Kâ€™ {aka â€˜[01m[Kclass std::shared_ptr<rclcpp::Node>[m[Kâ€™} has no member named â€˜[01m[KgetParam[m[Kâ€™
[4.129s]    11 |     node_handle.[01;31m[KgetParam[m[K("can_transmit_id", can_transmit_id);
[4.129s]       |                 [01;31m[K^~~~~~~~[m[K
[4.129s] [01m[K/home/ws/src/tf03_driver/src/TF03.cpp:12:17:[m[K [01;31m[Kerror: [m[Kâ€˜[01m[Kusing SharedPtr = class std::shared_ptr<rclcpp::Node>[m[Kâ€™ {aka â€˜[01m[Kclass std::shared_ptr<rclcpp::Node>[m[Kâ€™} has no member named â€˜[01m[KgetParam[m[Kâ€™
[4.129s]    12 |     node_handle.[01;31m[KgetParam[m[K("sensor_frame", sensor_frame);
[4.130s]       |                 [01;31m[K^~~~~~~~[m[K
[4.130s] [01m[K/home/ws/src/tf03_driver/src/TF03.cpp:13:17:[m[K [01;31m[Kerror: [m[Kâ€˜[01m[Kusing SharedPtr = class std::shared_ptr<rclcpp::Node>[m[Kâ€™ {aka â€˜[01m[Kclass std::shared_ptr<rclcpp::Node>[m[Kâ€™} has no member named â€˜[01m[Kparam[m[Kâ€™
[4.130s]    13 |     node_handle.[01;31m[Kparam[m[K<int>("can_receive_id", can_receive_id, 0x3003); //HEX 0x3003 = DEC 12291
[4.130s]       |                 [01;31m[K^~~~~[m[K
[4.130s] [01m[K/home/ws/src/tf03_driver/src/TF03.cpp:13:23:[m[K [01;31m[Kerror: [m[Kexpected primary-expression before â€˜[01m[Kint[m[Kâ€™
[4.130s]    13 |     node_handle.param<[01;31m[Kint[m[K>("can_receive_id", can_receive_id, 0x3003); //HEX 0x3003 = DEC 12291
[4.131s]       |                       [01;31m[K^~~[m[K
[4.131s] [01m[K/home/ws/src/tf03_driver/src/TF03.cpp:14:17:[m[K [01;31m[Kerror: [m[Kâ€˜[01m[Kusing SharedPtr = class std::shared_ptr<rclcpp::Node>[m[Kâ€™ {aka â€˜[01m[Kclass std::shared_ptr<rclcpp::Node>[m[Kâ€™} has no member named â€˜[01m[Kparam[m[Kâ€™
[4.131s]    14 |     node_handle.[01;31m[Kparam[m[K<std::string>("sensor_interface", sensor_interface, "serial");
[4.131s]       |                 [01;31m[K^~~~~[m[K
[4.131s] [01m[K/home/ws/src/tf03_driver/src/TF03.cpp:14:34:[m[K [01;31m[Kerror: [m[Kexpected primary-expression before â€˜[01m[K>[m[Kâ€™ token
[4.131s]    14 |     node_handle.param<std::string[01;31m[K>[m[K("sensor_interface", sensor_interface, "serial");
[4.132s]       |                                  [01;31m[K^[m[K
[4.132s] [01m[K/home/ws/src/tf03_driver/src/TF03.cpp:16:17:[m[K [01;31m[Kerror: [m[Kâ€˜[01m[Kusing SharedPtr = class std::shared_ptr<rclcpp::Node>[m[Kâ€™ {aka â€˜[01m[Kclass std::shared_ptr<rclcpp::Node>[m[Kâ€™} has no member named â€˜[01m[Kparam[m[Kâ€™
[4.132s]    16 |     node_handle.[01;31m[Kparam[m[K<bool>("print_version", print_version, false);
[4.132s]       |                 [01;31m[K^~~~~[m[K
[4.132s] [01m[K/home/ws/src/tf03_driver/src/TF03.cpp:16:23:[m[K [01;31m[Kerror: [m[Kexpected primary-expression before â€˜[01m[Kbool[m[Kâ€™
[4.132s]    16 |     node_handle.param<[01;31m[Kbool[m[K>("print_version", print_version, false);
[4.133s]       |                       [01;31m[K^~~~[m[K
[4.133s] [01m[K/home/ws/src/tf03_driver/src/TF03.cpp:17:17:[m[K [01;31m[Kerror: [m[Kâ€˜[01m[Kusing SharedPtr = class std::shared_ptr<rclcpp::Node>[m[Kâ€™ {aka â€˜[01m[Kclass std::shared_ptr<rclcpp::Node>[m[Kâ€™} has no member named â€˜[01m[Kparam[m[Kâ€™
[4.133s]    17 |     node_handle.[01;31m[Kparam[m[K<std::string>("set_output_format", set_output_format, "");
[4.133s]       |                 [01;31m[K^~~~~[m[K
[4.134s] [01m[K/home/ws/src/tf03_driver/src/TF03.cpp:17:34:[m[K [01;31m[Kerror: [m[Kexpected primary-expression before â€˜[01m[K>[m[Kâ€™ token
[4.134s]    17 |     node_handle.param<std::string[01;31m[K>[m[K("set_output_format", set_output_format, "");
[4.134s]       |                                  [01;31m[K^[m[K
[4.134s] [01m[K/home/ws/src/tf03_driver/src/TF03.cpp:18:17:[m[K [01;31m[Kerror: [m[Kâ€˜[01m[Kusing SharedPtr = class std::shared_ptr<rclcpp::Node>[m[Kâ€™ {aka â€˜[01m[Kclass std::shared_ptr<rclcpp::Node>[m[Kâ€™} has no member named â€˜[01m[Kparam[m[Kâ€™
[4.134s]    18 |     node_handle.[01;31m[Kparam[m[K<int>("set_transmit_can_id", set_transmit_can_id, 0);
[4.135s]       |                 [01;31m[K^~~~~[m[K
[4.135s] [01m[K/home/ws/src/tf03_driver/src/TF03.cpp:18:23:[m[K [01;31m[Kerror: [m[Kexpected primary-expression before â€˜[01m[Kint[m[Kâ€™
[4.136s]    18 |     node_handle.param<[01;31m[Kint[m[K>("set_transmit_can_id", set_transmit_can_id, 0);
[4.136s]       |                       [01;31m[K^~~[m[K
[4.136s] [01m[K/home/ws/src/tf03_driver/src/TF03.cpp:19:17:[m[K [01;31m[Kerror: [m[Kâ€˜[01m[Kusing SharedPtr = class std::shared_ptr<rclcpp::Node>[m[Kâ€™ {aka â€˜[01m[Kclass std::shared_ptr<rclcpp::Node>[m[Kâ€™} has no member named â€˜[01m[Kparam[m[Kâ€™
[4.136s]    19 |     node_handle.[01;31m[Kparam[m[K<int>("set_receive_can_id", set_receive_can_id, 0);
[4.137s]       |                 [01;31m[K^~~~~[m[K
[4.137s] [01m[K/home/ws/src/tf03_driver/src/TF03.cpp:19:23:[m[K [01;31m[Kerror: [m[Kexpected primary-expression before â€˜[01m[Kint[m[Kâ€™
[4.137s]    19 |     node_handle.param<[01;31m[Kint[m[K>("set_receive_can_id", set_receive_can_id, 0);
[4.137s]       |                       [01;31m[K^~~[m[K
[4.137s] In file included from [01m[K/opt/ros/foxy/include/rclcpp/service.hpp:34[m[K,
[4.138s]                  from [01m[K/opt/ros/foxy/include/rclcpp/callback_group.hpp:25[m[K,
[4.138s]                  from [01m[K/opt/ros/foxy/include/rclcpp/any_executable.hpp:20[m[K,
[4.138s]                  from [01m[K/opt/ros/foxy/include/rclcpp/memory_strategy.hpp:24[m[K,
[4.138s]                  from [01m[K/opt/ros/foxy/include/rclcpp/memory_strategies.hpp:18[m[K,
[4.139s]                  from [01m[K/opt/ros/foxy/include/rclcpp/executor_options.hpp:20[m[K,
[4.139s]                  from [01m[K/opt/ros/foxy/include/rclcpp/executor.hpp:33[m[K,
[4.139s]                  from [01m[K/opt/ros/foxy/include/rclcpp/executors/multi_threaded_executor.hpp:26[m[K,
[4.139s]                  from [01m[K/opt/ros/foxy/include/rclcpp/executors.hpp:21[m[K,
[4.140s]                  from [01m[K/opt/ros/foxy/include/rclcpp/rclcpp.hpp:146[m[K,
[4.140s]                  from [01m[K/home/ws/src/tf03_driver/include/TF03.h:11[m[K,
[4.140s]                  from [01m[K/home/ws/src/tf03_driver/src/TF03.cpp:1[m[K:
[4.140s] [01m[K/home/ws/src/tf03_driver/src/TF03.cpp:24:21:[m[K [01;31m[Kerror: [m[Kthere are no arguments to â€˜[01m[Kget_logger[m[Kâ€™ that depend on a template parameter, so a declaration of â€˜[01m[Kget_logger[m[Kâ€™ must be available [[01;31m[K-fpermissive[m[K]
[4.140s]    24 |         RCLCPP_INFO([01;31m[Kget_logger[m[K(),"Print tf_03 version");
[4.140s]       |                     [01;31m[K^~~~~~~~~~[m[K
[4.141s] [01m[K/home/ws/src/tf03_driver/src/TF03.cpp:24:21:[m[K [01;36m[Knote: [m[K(if you use â€˜[01m[K-fpermissive[m[Kâ€™, G++ will accept your code, but allowing the use of an undeclared name is deprecated)
[4.141s] [01m[K/home/ws/src/tf03_driver/src/TF03.cpp:24:21:[m[K [01;31m[Kerror: [m[Kthere are no arguments to â€˜[01m[Kget_logger[m[Kâ€™ that depend on a template parameter, so a declaration of â€˜[01m[Kget_logger[m[Kâ€™ must be available [[01;31m[K-fpermissive[m[K]
[4.141s] In file included from [01m[K/opt/ros/foxy/include/rclcpp/client.hpp:40[m[K,
[4.141s]                  from [01m[K/opt/ros/foxy/include/rclcpp/callback_group.hpp:23[m[K,
[4.141s]                  from [01m[K/opt/ros/foxy/include/rclcpp/any_executable.hpp:20[m[K,
[4.142s]                  from [01m[K/opt/ros/foxy/include/rclcpp/memory_strategy.hpp:24[m[K,
[4.142s]                  from [01m[K/opt/ros/foxy/include/rclcpp/memory_strategies.hpp:18[m[K,
[4.142s]                  from [01m[K/opt/ros/foxy/include/rclcpp/executor_options.hpp:20[m[K,
[4.142s]                  from [01m[K/opt/ros/foxy/include/rclcpp/executor.hpp:33[m[K,
[4.142s]                  from [01m[K/opt/ros/foxy/include/rclcpp/executors/multi_threaded_executor.hpp:26[m[K,
[4.142s]                  from [01m[K/opt/ros/foxy/include/rclcpp/executors.hpp:21[m[K,
[4.142s]                  from [01m[K/opt/ros/foxy/include/rclcpp/rclcpp.hpp:146[m[K,
[4.143s]                  from [01m[K/home/ws/src/tf03_driver/include/TF03.h:11[m[K,
[4.143s]                  from [01m[K/home/ws/src/tf03_driver/src/TF03.cpp:1[m[K:
[4.143s] [01m[K/home/ws/src/tf03_driver/src/TF03.cpp:24:21:[m[K [01;31m[Kerror: [m[Kthere are no arguments to â€˜[01m[Kget_logger[m[Kâ€™ that depend on a template parameter, so a declaration of â€˜[01m[Kget_logger[m[Kâ€™ must be available [[01;31m[K-fpermissive[m[K]
[4.143s]    24 |         RCLCPP_INFO([01;31m[Kget_logger[m[K(),"Print tf_03 version");
[4.143s]       |                     [01;31m[K^~~~~~~~~~[m[K
[4.143s] [01m[K/home/ws/src/tf03_driver/src/TF03.cpp:24:21:[m[K [01;31m[Kerror: [m[Kthere are no arguments to â€˜[01m[Kget_logger[m[Kâ€™ that depend on a template parameter, so a declaration of â€˜[01m[Kget_logger[m[Kâ€™ must be available [[01;31m[K-fpermissive[m[K]
[4.143s]    24 |         RCLCPP_INFO([01;31m[Kget_logger[m[K(),"Print tf_03 version");
[4.144s]       |                     [01;31m[K^~~~~~~~~~[m[K
[4.152s] [01m[K/home/ws/src/tf03_driver/src/TF03.cpp:111:51:[m[K [01;31m[Kerror: [m[Kâ€˜[01m[Know[m[Kâ€™ is not a member of â€˜[01m[Krclcpp::Time[m[Kâ€™
[4.153s]   111 |                 command_timestamp = rclcpp::Time::[01;31m[Know[m[K();
[4.153s]       |                                                   [01;31m[K^~~[m[K
[4.153s] [01m[K/home/ws/src/tf03_driver/src/TF03.cpp:114:42:[m[K [01;31m[Kerror: [m[Kâ€˜[01m[Kros[m[Kâ€™ has not been declared
[4.153s]   114 |             else if (command_timestamp + [01;31m[Kros[m[K::Duration(2) < rclcpp::Time::now())
[4.154s]       |                                          [01;31m[K^~~[m[K
[4.154s] [01m[K/home/ws/src/tf03_driver/src/TF03.cpp:114:75:[m[K [01;31m[Kerror: [m[Kâ€˜[01m[Know[m[Kâ€™ is not a member of â€˜[01m[Krclcpp::Time[m[Kâ€™
[4.154s]   114 |             else if (command_timestamp + ros::Duration(2) < rclcpp::Time::[01;31m[Know[m[K())
[4.154s]       |                                                                           [01;31m[K^~~[m[K
[4.155s] [01m[K/home/ws/src/tf03_driver/src/TF03.cpp:133:45:[m[K [01;31m[Kerror: [m[Kinvalid use of â€˜[01m[Kauto[m[Kâ€™
[4.156s]   133 |             sensor_pub.insert(std::pair<int,[01;31m[Kauto[m[K>(s.first, node_handle->create_publisher<sensor_msgs::msg::Range>("sensor/" + sensor.second, 1)));
[4.156s]       |                                             [01;31m[K^~~~[m[K
[4.156s] [01m[K/home/ws/src/tf03_driver/src/TF03.cpp:133:49:[m[K [01;31m[Kerror: [m[Ktemplate argument 2 is invalid
[4.156s]   133 |             sensor_pub.insert(std::pair<int,auto[01;31m[K>[m[K(s.first, node_handle->create_publisher<sensor_msgs::msg::Range>("sensor/" + sensor.second, 1)));
[4.157s]       |                                                 [01;31m[K^[m[K
[4.158s] [01m[K/home/ws/src/tf03_driver/src/TF03.cpp:133:51:[m[K [01;31m[Kerror: [m[Kâ€˜[01m[Ks[m[Kâ€™ was not declared in this scope
[4.158s]   133 |             sensor_pub.insert(std::pair<int,auto>([01;31m[Ks[m[K.first, node_handle->create_publisher<sensor_msgs::msg::Range>("sensor/" + sensor.second, 1)));
[4.158s]       |                                                   [01;31m[K^[m[K
[4.186s] [01m[K/home/ws/src/tf03_driver/src/TF03.cpp:[m[K In destructor â€˜[01m[KTF03::~TF03()[m[Kâ€™:
[4.186s] [01m[K/home/ws/src/tf03_driver/src/TF03.cpp:153:13:[m[K [01;31m[Kerror: [m[Kâ€˜[01m[Ktf03_serial_port[m[Kâ€™ was not declared in this scope; did you mean â€˜[01m[Kserial_port[m[Kâ€™?
[4.186s]   153 |         if ([01;31m[Ktf03_serial_port[m[K->IsOpen())
[4.186s]       |             [01;31m[K^~~~~~~~~~~~~~~~[m[K
[4.186s]       |             [32m[Kserial_port[m[K
[4.188s] [01m[K/home/ws/src/tf03_driver/src/TF03.cpp:162:13:[m[K [01;31m[Kerror: [m[Kâ€˜[01m[Kclose[m[Kâ€™ was not declared in this scope; did you mean â€˜[01m[Kpclose[m[Kâ€™?
[4.188s]   162 |             [01;31m[Kclose[m[K(can_socket);
[4.188s]       |             [01;31m[K^~~~~[m[K
[4.189s]       |             [32m[Kpclose[m[K
[4.194s] In file included from [01m[K/home/ws/src/tf03_driver/src/TF03.cpp:1[m[K:
[4.194s] [01m[K/home/ws/src/tf03_driver/src/TF03.cpp:[m[K In member function â€˜[01m[Kvoid TF03::process_sensor_data()[m[Kâ€™:
[4.195s] [01m[K/home/ws/src/tf03_driver/src/TF03.cpp:176:32:[m[K [01;31m[Kerror: [m[Kâ€˜[01m[Ktf03_serial_port[m[Kâ€™ was not declared in this scope; did you mean â€˜[01m[Kserial_port[m[Kâ€™?
[4.195s]   176 |             ReadByteFromSerial([01;31m[Ktf03_serial_port[m[K, read_byte, timeout_ms);
[4.201s]       |                                [01;31m[K^~~~~~~~~~~~~~~~[m[K
[4.201s] [01m[K/home/ws/src/tf03_driver/include/TF03.h:25:52:[m[K [01;36m[Knote: [m[Kin definition of macro â€˜[01m[KReadByteFromSerial[m[Kâ€™
[4.202s]    25 | #define ReadByteFromSerial(port, buffer, timeout) ([01;36m[Kport[m[K->ReadByte(buffer, timeout))
[4.202s]       |                                                    [01;36m[K^~~~[m[K
[4.202s] [01m[K/home/ws/src/tf03_driver/src/TF03.cpp:178:34:[m[K [01;35m[Kwarning: [m[Kcatching polymorphic type â€˜[01m[Kclass LibSerial::NotOpen[m[Kâ€™ by value [[01;35m[K-Wcatch-value=[m[K]
[4.203s]   178 |         catch (SerialPortNotOpen [01;35m[Ke[m[K)
[4.203s]       |                                  [01;35m[K^[m[K
[4.203s] [01m[K/home/ws/src/tf03_driver/src/TF03.cpp:182:38:[m[K [01;35m[Kwarning: [m[Kcatching polymorphic type â€˜[01m[Kclass LibSerial::ReadTimeout[m[Kâ€™ by value [[01;35m[K-Wcatch-value=[m[K]
[4.204s]   182 |         catch (SerialPortReadTimeout [01;35m[Ke[m[K)
[4.204s]       |                                      [01;35m[K^[m[K
[4.206s] [01m[K/home/ws/src/tf03_driver/src/TF03.cpp:217:22:[m[K [01;31m[Kerror: [m[Kâ€˜[01m[Kread[m[Kâ€™ was not declared in this scope; did you mean â€˜[01m[Kfread[m[Kâ€™?
[4.206s]   217 |         int nbytes = [01;31m[Kread[m[K(can_socket, &publish_frame, sizeof(struct can_frame));
[4.207s]       |                      [01;31m[K^~~~[m[K
[4.207s]       |                      [32m[Kfread[m[K
[4.207s] [01m[K/home/ws/src/tf03_driver/src/TF03.cpp:220:20:[m[K [01;35m[Kwarning: [m[Kcomparison of integer expressions of different signedness: â€˜[01m[Kint[m[Kâ€™ and â€˜[01m[Kcanid_t[m[Kâ€™ {aka â€˜[01m[Kunsigned int[m[Kâ€™} [[01;35m[K-Wsign-compare[m[K]
[4.208s]   220 |             if ([01;35m[Kid == publish_frame.can_id[m[K)
[4.208s]       |                 [01;35m[K~~~^~~~~~~~~~~~~~~~~~~~~~~[m[K
[4.208s] [01m[K/home/ws/src/tf03_driver/src/TF03.cpp:217:13:[m[K [01;35m[Kwarning: [m[Kunused variable â€˜[01m[Knbytes[m[Kâ€™ [[01;35m[K-Wunused-variable[m[K]
[4.208s]   217 |         int [01;35m[Knbytes[m[K = read(can_socket, &publish_frame, sizeof(struct can_frame));
[4.209s]       |             [01;35m[K^~~~~~[m[K
[4.241s] [01m[K/home/ws/src/tf03_driver/src/TF03.cpp:[m[K In member function â€˜[01m[Kvoid TF03::process_incoming_buffer(std::vector<unsigned char, std::allocator<unsigned char> >, int)[m[Kâ€™:
[4.241s] [01m[K/home/ws/src/tf03_driver/src/TF03.cpp:292:15:[m[K [01;35m[Kwarning: [m[Kunused variable â€˜[01m[Kstrength[m[Kâ€™ [[01;35m[K-Wunused-variable[m[K]
[4.241s]   292 |         u_int [01;35m[Kstrength[m[K = strength_high_byte * 256 + strength_low_byte;
[4.242s]       |               [01;35m[K^~~~~~~~[m[K
[4.267s] [01m[K/home/ws/src/tf03_driver/src/TF03.cpp:[m[K In member function â€˜[01m[Kint TF03::init_sensor(tf_03_interface, std::string)[m[Kâ€™:
[4.268s] [01m[K/home/ws/src/tf03_driver/src/TF03.cpp:414:9:[m[K [01;31m[Kerror: [m[Kâ€˜[01m[Ktf03_serial_port[m[Kâ€™ was not declared in this scope; did you mean â€˜[01m[Kserial_port[m[Kâ€™?
[4.268s]   414 |         [01;31m[Ktf03_serial_port[m[K = new SerialPort(device_name);
[4.268s]       |         [01;31m[K^~~~~~~~~~~~~~~~[m[K
[4.268s]       |         [32m[Kserial_port[m[K
[4.269s] [01m[K/home/ws/src/tf03_driver/src/TF03.cpp:414:32:[m[K [01;31m[Kerror: [m[Kexpected type-specifier before â€˜[01m[KSerialPort[m[Kâ€™
[4.269s]   414 |         tf03_serial_port = new [01;31m[KSerialPort[m[K(device_name);
[4.269s]       |                                [01;31m[K^~~~~~~~~~[m[K
[4.269s] [01m[K/home/ws/src/tf03_driver/src/TF03.cpp:421:21:[m[K [01;31m[Kerror: [m[Kâ€˜[01m[KSerialPort[m[Kâ€™ has not been declared
[4.270s]   421 |                     [01;31m[KSerialPort[m[K::BaudRate::BAUD_115200,
[4.270s]       |                     [01;31m[K^~~~~~~~~~[m[K
[4.270s] [01m[K/home/ws/src/tf03_driver/src/TF03.cpp:422:21:[m[K [01;31m[Kerror: [m[Kâ€˜[01m[KSerialPort[m[Kâ€™ has not been declared
[4.270s]   422 |                     [01;31m[KSerialPort[m[K::CharacterSize::CHAR_SIZE_8,
[4.270s]       |                     [01;31m[K^~~~~~~~~~[m[K
[4.270s] [01m[K/home/ws/src/tf03_driver/src/TF03.cpp:423:21:[m[K [01;31m[Kerror: [m[Kâ€˜[01m[KSerialPort[m[Kâ€™ has not been declared
[4.270s]   423 |                     [01;31m[KSerialPort[m[K::Parity::PARITY_NONE,
[4.271s]       |                     [01;31m[K^~~~~~~~~~[m[K
[4.271s] [01m[K/home/ws/src/tf03_driver/src/TF03.cpp:424:21:[m[K [01;31m[Kerror: [m[Kâ€˜[01m[KSerialPort[m[Kâ€™ has not been declared
[4.271s]   424 |                     [01;31m[KSerialPort[m[K::StopBits::STOP_BITS_1,
[4.271s]       |                     [01;31m[K^~~~~~~~~~[m[K
[4.271s] [01m[K/home/ws/src/tf03_driver/src/TF03.cpp:425:21:[m[K [01;31m[Kerror: [m[Kâ€˜[01m[KSerialPort[m[Kâ€™ has not been declared
[4.271s]   425 |                     [01;31m[KSerialPort[m[K::FlowControl::FLOW_CONTROL_NONE);
[4.272s]       |                     [01;31m[K^~~~~~~~~~[m[K
[4.274s] [01m[K/home/ws/src/tf03_driver/src/TF03.cpp:427:20:[m[K [01;31m[Kerror: [m[Kâ€˜[01m[KSerialPort[m[Kâ€™ does not name a type
[4.274s]   427 |             catch ([01;31m[KSerialPort[m[K::OpenFailed)
[4.275s]       |                    [01;31m[K^~~~~~~~~~[m[K
[4.275s] [01m[K/home/ws/src/tf03_driver/src/TF03.cpp:427:42:[m[K [01;31m[Kerror: [m[Kexpected unqualified-id before â€˜[01m[K)[m[Kâ€™ token
[4.275s]   427 |             catch (SerialPort::OpenFailed[01;31m[K)[m[K
[4.275s]       |                                          [01;31m[K^[m[K
[4.307s] [01m[K/home/ws/src/tf03_driver/src/TF03.cpp:[m[K In member function â€˜[01m[Kvoid TF03::write_command_data(tf_03_interface, std::vector<unsigned char, std::allocator<unsigned char> >)[m[Kâ€™:
[4.308s] [01m[K/home/ws/src/tf03_driver/src/TF03.cpp:578:9:[m[K [01;31m[Kerror: [m[Kâ€˜[01m[Ktf03_serial_port[m[Kâ€™ was not declared in this scope; did you mean â€˜[01m[Kserial_port[m[Kâ€™?
[4.308s]   578 |         [01;31m[Ktf03_serial_port[m[K->Write(data);
[4.308s]       |         [01;31m[K^~~~~~~~~~~~~~~~[m[K
[4.308s]       |         [32m[Kserial_port[m[K
[4.309s] [01m[K/home/ws/src/tf03_driver/src/TF03.cpp:582:31:[m[K [01;35m[Kwarning: [m[Kcomparison of integer expressions of different signedness: â€˜[01m[Kint[m[Kâ€™ and â€˜[01m[Kstd::vector<unsigned char, std::allocator<unsigned char> >::size_type[m[Kâ€™ {aka â€˜[01m[Klong unsigned int[m[Kâ€™} [[01;35m[K-Wsign-compare[m[K]
[4.309s]   582 |         for (int cnt = 0; [01;35m[Kcnt < data.size()[m[K; cnt++)
[4.309s]       |                           [01;35m[K~~~~^~~~~~~~~~~~~[m[K
[4.311s] [01m[K/home/ws/src/tf03_driver/src/TF03.cpp:586:22:[m[K [01;31m[Kerror: [m[Kâ€˜[01m[Kwrite[m[Kâ€™ was not declared in this scope; did you mean â€˜[01m[Kfwrite[m[Kâ€™?
[4.311s]   586 |         int nbytes = [01;31m[Kwrite[m[K(can_socket, frame, sizeof(struct can_frame));
[4.311s]       |                      [01;31m[K^~~~~[m[K
[4.311s]       |                      [32m[Kfwrite[m[K
[4.311s] [01m[K/home/ws/src/tf03_driver/src/TF03.cpp:586:13:[m[K [01;35m[Kwarning: [m[Kunused variable â€˜[01m[Knbytes[m[Kâ€™ [[01;35m[K-Wunused-variable[m[K]
[4.312s]   586 |         int [01;35m[Knbytes[m[K = write(can_socket, frame, sizeof(struct can_frame));
[4.312s]       |             [01;35m[K^~~~~~[m[K
[5.073s] make[2]: *** [CMakeFiles/tf03_node.dir/build.make:63: CMakeFiles/tf03_node.dir/src/tf03_node.cpp.o] Error 1
[5.074s] make[2]: *** Waiting for unfinished jobs....
[6.015s] make[2]: *** [CMakeFiles/tf03_node.dir/build.make:76: CMakeFiles/tf03_node.dir/src/TF03.cpp.o] Error 1
[6.015s] make[1]: *** [CMakeFiles/Makefile2:78: CMakeFiles/tf03_node.dir/all] Error 2
[6.015s] make: *** [Makefile:141: all] Error 2
[6.019s] Invoked command in '/home/ws/build/tf03_driver' returned '2': CMAKE_PREFIX_PATH=/opt/ros/foxy /usr/bin/cmake --build /home/ws/build/tf03_driver -- -j8 -l8
