-- The C compiler identification is GNU 9.4.0
-- The CXX compiler identification is GNU 9.4.0
-- Check for working C compiler: /usr/bin/cc
-- Check for working C compiler: /usr/bin/cc -- works
-- Detecting C compiler ABI info
-- Detecting C compiler ABI info - done
-- Detecting C compile features
-- Detecting C compile features - done
-- Check for working CXX compiler: /usr/bin/c++
-- Check for working CXX compiler: /usr/bin/c++ -- works
-- Detecting CXX compiler ABI info
-- Detecting CXX compiler ABI info - done
-- Detecting CXX compile features
-- Detecting CXX compile features - done
-- Found ament_cmake: 0.9.11 (/opt/ros/foxy/share/ament_cmake/cmake)
-- Found PythonInterp: /usr/bin/python3 (found suitable version "3.8.10", minimum required is "3") 
-- Using PYTHON_EXECUTABLE: /usr/bin/python3
-- Override CMake install command with custom implementation using symlinks instead of copying resources
-- Found rclcpp: 2.4.2 (/opt/ros/foxy/share/rclcpp/cmake)
-- Using all available rosidl_typesupport_c: rosidl_typesupport_fastrtps_c;rosidl_typesupport_introspection_c
-- Found rosidl_adapter: 1.3.0 (/opt/ros/foxy/share/rosidl_adapter/cmake)
-- Found OpenSSL: /usr/lib/x86_64-linux-gnu/libcrypto.so (found version "1.1.1f")  
-- Found FastRTPS: /opt/ros/foxy/include  
-- Using all available rosidl_typesupport_cpp: rosidl_typesupport_fastrtps_cpp;rosidl_typesupport_introspection_cpp
-- Found rmw_implementation_cmake: 1.0.4 (/opt/ros/foxy/share/rmw_implementation_cmake/cmake)
-- Using RMW implementation 'rmw_fastrtps_cpp' as default
-- Looking for pthread.h
-- Looking for pthread.h - found
-- Performing Test CMAKE_HAVE_LIBC_PTHREAD
-- Performing Test CMAKE_HAVE_LIBC_PTHREAD - Failed
-- Looking for pthread_create in pthreads
-- Looking for pthread_create in pthreads - not found
-- Looking for pthread_create in pthread
-- Looking for pthread_create in pthread - found
-- Found Threads: TRUE  
-- Configuring done
-- Generating done
-- Build files have been written to: /home/ws/build/tf03_driver
[35m[1mScanning dependencies of target tf03_node[0m
[ 33%] [32mBuilding CXX object CMakeFiles/tf03_node.dir/src/tf03_node.cpp.o[0m
[ 66%] [32mBuilding CXX object CMakeFiles/tf03_node.dir/src/TF03.cpp.o[0m
In file included from [01m[K/home/ws/src/tf03_driver/src/tf03_node.cpp:2[m[K:
[01m[K/home/ws/src/tf03_driver/include/TF03.h:15:10:[m[K [01;31m[Kfatal error: [m[KSerialPort.h: No such file or directory
   15 | #include [01;31m[K<SerialPort.h>[m[K
      |          [01;31m[K^~~~~~~~~~~~~~[m[K
In file included from [01m[K/home/ws/src/tf03_driver/src/TF03.cpp:1[m[K:
[01m[K/home/ws/src/tf03_driver/include/TF03.h:15:10:[m[K [01;31m[Kfatal error: [m[KSerialPort.h: No such file or directory
   15 | #include [01;31m[K<SerialPort.h>[m[K
      |          [01;31m[K^~~~~~~~~~~~~~[m[K
compilation terminated.
compilation terminated.
make[2]: *** [CMakeFiles/tf03_node.dir/build.make:63: CMakeFiles/tf03_node.dir/src/tf03_node.cpp.o] Error 1
make[2]: *** Waiting for unfinished jobs....
make[2]: *** [CMakeFiles/tf03_node.dir/build.make:76: CMakeFiles/tf03_node.dir/src/TF03.cpp.o] Error 1
make[1]: *** [CMakeFiles/Makefile2:78: CMakeFiles/tf03_node.dir/all] Error 2
make: *** [Makefile:141: all] Error 2
